{"D:\\MATY Codes\\InotaVault\\src\\app.ts": {"path":"D:\\MATY Codes\\InotaVault\\src\\app.ts","statementMap":{"0":{"start":{"line":1,"column":0},"end":{"line":1,"column":43}},"1":{"start":{"line":2,"column":0},"end":{"line":2,"column":24}},"2":{"start":{"line":3,"column":0},"end":{"line":3,"column":48}},"3":{"start":{"line":4,"column":0},"end":{"line":4,"column":50}},"4":{"start":{"line":5,"column":0},"end":{"line":5,"column":43}},"5":{"start":{"line":6,"column":0},"end":{"line":6,"column":47}},"6":{"start":{"line":7,"column":0},"end":{"line":7,"column":34}},"7":{"start":{"line":9,"column":21},"end":{"line":9,"column":30}},"8":{"start":{"line":11,"column":0},"end":{"line":11,"column":16}},"9":{"start":{"line":12,"column":0},"end":{"line":12,"column":24}},"10":{"start":{"line":15,"column":0},"end":{"line":15,"column":36}},"11":{"start":{"line":16,"column":0},"end":{"line":16,"column":35}},"12":{"start":{"line":19,"column":0},"end":{"line":19,"column":68}},"13":{"start":{"line":21,"column":0},"end":{"line":21,"column":19}}},"fnMap":{},"branchMap":{},"s":{"0":1,"1":1,"2":1,"3":1,"4":1,"5":1,"6":1,"7":1,"8":1,"9":1,"10":1,"11":1,"12":1,"13":1},"f":{},"b":{}}
,"D:\\MATY Codes\\InotaVault\\src\\config\\cloudinary.ts": {"path":"D:\\MATY Codes\\InotaVault\\src\\config\\cloudinary.ts","statementMap":{"0":{"start":{"line":1,"column":0},"end":{"line":1,"column":46}},"1":{"start":{"line":2,"column":0},"end":{"line":2,"column":27}},"2":{"start":{"line":4,"column":0},"end":{"line":4,"column":16}},"3":{"start":{"line":6,"column":0},"end":{"line":10,"column":3}},"4":{"start":{"line":12,"column":0},"end":{"line":12,"column":26}}},"fnMap":{},"branchMap":{},"s":{"0":1,"1":1,"2":1,"3":1,"4":1},"f":{},"b":{}}
,"D:\\MATY Codes\\InotaVault\\src\\config\\index.ts": {"path":"D:\\MATY Codes\\InotaVault\\src\\config\\index.ts","statementMap":{"0":{"start":{"line":6,"column":13},"end":{"line":9,"column":null}}},"fnMap":{},"branchMap":{"0":{"loc":{"start":{"line":7,"column":17},"end":{"line":7,"column":51}},"type":"binary-expr","locations":[{"start":{"line":7,"column":17},"end":{"line":7,"column":43}},{"start":{"line":7,"column":47},"end":{"line":7,"column":51}}]},"1":{"loc":{"start":{"line":8,"column":19},"end":{"line":8,"column":64}},"type":"binary-expr","locations":[{"start":{"line":8,"column":19},"end":{"line":8,"column":40}},{"start":{"line":8,"column":44},"end":{"line":8,"column":64}}]}},"s":{"0":1},"f":{},"b":{"0":[1,0],"1":[1,0]}}
,"D:\\MATY Codes\\InotaVault\\src\\config\\swagger.ts": {"path":"D:\\MATY Codes\\InotaVault\\src\\config\\swagger.ts","statementMap":{"0":{"start":{"line":1,"column":0},"end":{"line":1,"column":41}},"1":{"start":{"line":3,"column":45},"end":{"line":34,"column":2}},"2":{"start":{"line":36,"column":13},"end":{"line":36,"column":56}}},"fnMap":{},"branchMap":{},"s":{"0":1,"1":1,"2":1},"f":{},"b":{}}
,"D:\\MATY Codes\\InotaVault\\src\\controllers\\song.controller.ts": {"path":"D:\\MATY Codes\\InotaVault\\src\\controllers\\song.controller.ts","statementMap":{"0":{"start":{"line":2,"column":0},"end":{"line":2,"column":66}},"1":{"start":{"line":3,"column":0},"end":{"line":3,"column":60}},"2":{"start":{"line":5,"column":20},"end":{"line":5,"column":37}},"3":{"start":{"line":17,"column":26},"end":{"line":71,"column":1}},"4":{"start":{"line":18,"column":4},"end":{"line":70,"column":5}},"5":{"start":{"line":19,"column":54},"end":{"line":19,"column":62}},"6":{"start":{"line":20,"column":24},"end":{"line":20,"column":43}},"7":{"start":{"line":21,"column":22},"end":{"line":21,"column":46}},"8":{"start":{"line":23,"column":8},"end":{"line":27,"column":9}},"9":{"start":{"line":24,"column":12},"end":{"line":26,"column":15}},"10":{"start":{"line":30,"column":23},"end":{"line":33,"column":null}},"11":{"start":{"line":37,"column":25},"end":{"line":43,"column":23}},"12":{"start":{"line":45,"column":25},"end":{"line":51,"column":23}},"13":{"start":{"line":53,"column":21},"end":{"line":61,"column":10}},"14":{"start":{"line":63,"column":8},"end":{"line":66,"column":11}},"15":{"start":{"line":68,"column":8},"end":{"line":68,"column":29}},"16":{"start":{"line":69,"column":8},"end":{"line":69,"column":59}},"17":{"start":{"line":17,"column":13},"end":{"line":17,"column":26}},"18":{"start":{"line":72,"column":27},"end":{"line":81,"column":1}},"19":{"start":{"line":73,"column":4},"end":{"line":80,"column":5}},"20":{"start":{"line":75,"column":22},"end":{"line":75,"column":53}},"21":{"start":{"line":76,"column":8},"end":{"line":76,"column":61}},"22":{"start":{"line":78,"column":8},"end":{"line":78,"column":29}},"23":{"start":{"line":79,"column":8},"end":{"line":79,"column":70}},"24":{"start":{"line":72,"column":13},"end":{"line":72,"column":27}},"25":{"start":{"line":83,"column":37},"end":{"line":99,"column":1}},"26":{"start":{"line":84,"column":4},"end":{"line":98,"column":5}},"27":{"start":{"line":85,"column":23},"end":{"line":85,"column":33}},"28":{"start":{"line":86,"column":8},"end":{"line":88,"column":9}},"29":{"start":{"line":87,"column":12},"end":{"line":87,"column":76}},"30":{"start":{"line":89,"column":21},"end":{"line":89,"column":54}},"31":{"start":{"line":91,"column":8},"end":{"line":93,"column":9}},"32":{"start":{"line":92,"column":12},"end":{"line":92,"column":71}},"33":{"start":{"line":94,"column":8},"end":{"line":94,"column":60}},"34":{"start":{"line":96,"column":8},"end":{"line":96,"column":29}},"35":{"start":{"line":97,"column":8},"end":{"line":97,"column":69}},"36":{"start":{"line":83,"column":13},"end":{"line":83,"column":37}},"37":{"start":{"line":101,"column":36},"end":{"line":125,"column":1}},"38":{"start":{"line":102,"column":4},"end":{"line":124,"column":5}},"39":{"start":{"line":103,"column":23},"end":{"line":103,"column":33}},"40":{"start":{"line":104,"column":54},"end":{"line":104,"column":62}},"41":{"start":{"line":106,"column":8},"end":{"line":108,"column":9}},"42":{"start":{"line":107,"column":12},"end":{"line":107,"column":76}},"43":{"start":{"line":110,"column":21},"end":{"line":114,"column":10}},"44":{"start":{"line":115,"column":8},"end":{"line":117,"column":9}},"45":{"start":{"line":116,"column":12},"end":{"line":116,"column":71}},"46":{"start":{"line":119,"column":8},"end":{"line":119,"column":60}},"47":{"start":{"line":122,"column":8},"end":{"line":122,"column":29}},"48":{"start":{"line":123,"column":8},"end":{"line":123,"column":67}},"49":{"start":{"line":101,"column":13},"end":{"line":101,"column":36}},"50":{"start":{"line":127,"column":36},"end":{"line":142,"column":1}},"51":{"start":{"line":128,"column":4},"end":{"line":141,"column":5}},"52":{"start":{"line":129,"column":23},"end":{"line":129,"column":33}},"53":{"start":{"line":130,"column":8},"end":{"line":132,"column":9}},"54":{"start":{"line":131,"column":12},"end":{"line":131,"column":76}},"55":{"start":{"line":133,"column":24},"end":{"line":133,"column":56}},"56":{"start":{"line":134,"column":8},"end":{"line":136,"column":9}},"57":{"start":{"line":135,"column":12},"end":{"line":135,"column":71}},"58":{"start":{"line":137,"column":8},"end":{"line":137,"column":86}},"59":{"start":{"line":139,"column":8},"end":{"line":139,"column":29}},"60":{"start":{"line":140,"column":8},"end":{"line":140,"column":67}},"61":{"start":{"line":127,"column":13},"end":{"line":127,"column":36}}},"fnMap":{"0":{"name":"(anonymous_0)","decl":{"start":{"line":17,"column":26},"end":{"line":17,"column":31}},"loc":{"start":{"line":17,"column":64},"end":{"line":71,"column":1}}},"1":{"name":"(anonymous_1)","decl":{"start":{"line":72,"column":27},"end":{"line":72,"column":32}},"loc":{"start":{"line":72,"column":65},"end":{"line":81,"column":1}}},"2":{"name":"(anonymous_2)","decl":{"start":{"line":83,"column":37},"end":{"line":83,"column":42}},"loc":{"start":{"line":83,"column":81},"end":{"line":99,"column":1}}},"3":{"name":"(anonymous_3)","decl":{"start":{"line":101,"column":36},"end":{"line":101,"column":41}},"loc":{"start":{"line":101,"column":80},"end":{"line":125,"column":1}}},"4":{"name":"(anonymous_4)","decl":{"start":{"line":127,"column":36},"end":{"line":127,"column":41}},"loc":{"start":{"line":127,"column":80},"end":{"line":142,"column":1}}}},"branchMap":{"0":{"loc":{"start":{"line":23,"column":8},"end":{"line":27,"column":9}},"type":"if","locations":[{"start":{"line":23,"column":8},"end":{"line":27,"column":9}},{"start":{},"end":{}}]},"1":{"loc":{"start":{"line":23,"column":12},"end":{"line":23,"column":38}},"type":"binary-expr","locations":[{"start":{"line":23,"column":12},"end":{"line":23,"column":18}},{"start":{"line":23,"column":22},"end":{"line":23,"column":38}}]},"2":{"loc":{"start":{"line":37,"column":25},"end":{"line":43,"column":23}},"type":"cond-expr","locations":[{"start":{"line":38,"column":14},"end":{"line":41,"column":null}},{"start":{"line":43,"column":14},"end":{"line":43,"column":23}}]},"3":{"loc":{"start":{"line":45,"column":25},"end":{"line":51,"column":23}},"type":"cond-expr","locations":[{"start":{"line":46,"column":14},"end":{"line":49,"column":null}},{"start":{"line":51,"column":14},"end":{"line":51,"column":23}}]},"4":{"loc":{"start":{"line":58,"column":27},"end":{"line":58,"column":53}},"type":"binary-expr","locations":[{"start":{"line":58,"column":27},"end":{"line":58,"column":40}},{"start":{"line":58,"column":44},"end":{"line":58,"column":53}}]},"5":{"loc":{"start":{"line":59,"column":25},"end":{"line":59,"column":49}},"type":"binary-expr","locations":[{"start":{"line":59,"column":25},"end":{"line":59,"column":36}},{"start":{"line":59,"column":40},"end":{"line":59,"column":49}}]},"6":{"loc":{"start":{"line":86,"column":8},"end":{"line":88,"column":9}},"type":"if","locations":[{"start":{"line":86,"column":8},"end":{"line":88,"column":9}},{"start":{},"end":{}}]},"7":{"loc":{"start":{"line":91,"column":8},"end":{"line":93,"column":9}},"type":"if","locations":[{"start":{"line":91,"column":8},"end":{"line":93,"column":9}},{"start":{},"end":{}}]},"8":{"loc":{"start":{"line":106,"column":8},"end":{"line":108,"column":9}},"type":"if","locations":[{"start":{"line":106,"column":8},"end":{"line":108,"column":9}},{"start":{},"end":{}}]},"9":{"loc":{"start":{"line":115,"column":8},"end":{"line":117,"column":9}},"type":"if","locations":[{"start":{"line":115,"column":8},"end":{"line":117,"column":9}},{"start":{},"end":{}}]},"10":{"loc":{"start":{"line":130,"column":8},"end":{"line":132,"column":9}},"type":"if","locations":[{"start":{"line":130,"column":8},"end":{"line":132,"column":9}},{"start":{},"end":{}}]},"11":{"loc":{"start":{"line":134,"column":8},"end":{"line":136,"column":9}},"type":"if","locations":[{"start":{"line":134,"column":8},"end":{"line":136,"column":9}},{"start":{},"end":{}}]}},"s":{"0":1,"1":1,"2":1,"3":1,"4":0,"5":0,"6":0,"7":0,"8":0,"9":0,"10":0,"11":0,"12":0,"13":0,"14":0,"15":0,"16":0,"17":1,"18":1,"19":0,"20":0,"21":0,"22":0,"23":0,"24":1,"25":1,"26":0,"27":0,"28":0,"29":0,"30":0,"31":0,"32":0,"33":0,"34":0,"35":0,"36":1,"37":1,"38":0,"39":0,"40":0,"41":0,"42":0,"43":0,"44":0,"45":0,"46":0,"47":0,"48":0,"49":1,"50":1,"51":0,"52":0,"53":0,"54":0,"55":0,"56":0,"57":0,"58":0,"59":0,"60":0,"61":1},"f":{"0":0,"1":0,"2":0,"3":0,"4":0},"b":{"0":[0,0],"1":[0,0],"2":[0,0],"3":[0,0],"4":[0,0],"5":[0,0],"6":[0,0],"7":[0,0],"8":[0,0],"9":[0,0],"10":[0,0],"11":[0,0]}}
,"D:\\MATY Codes\\InotaVault\\src\\controllers\\userController.ts": {"path":"D:\\MATY Codes\\InotaVault\\src\\controllers\\userController.ts","statementMap":{"0":{"start":{"line":2,"column":0},"end":{"line":2,"column":69}},"1":{"start":{"line":3,"column":0},"end":{"line":3,"column":58}},"2":{"start":{"line":9,"column":8},"end":{"line":18,"column":9}},"3":{"start":{"line":12,"column":25},"end":{"line":12,"column":51}},"4":{"start":{"line":14,"column":12},"end":{"line":14,"column":64}},"5":{"start":{"line":17,"column":12},"end":{"line":17,"column":61}},"6":{"start":{"line":24,"column":8},"end":{"line":33,"column":9}},"7":{"start":{"line":26,"column":25},"end":{"line":26,"column":50}},"8":{"start":{"line":28,"column":12},"end":{"line":28,"column":64}},"9":{"start":{"line":32,"column":12},"end":{"line":32,"column":61}},"10":{"start":{"line":38,"column":8},"end":{"line":44,"column":9}},"11":{"start":{"line":39,"column":34},"end":{"line":39,"column":60}},"12":{"start":{"line":40,"column":25},"end":{"line":40,"column":49}},"13":{"start":{"line":41,"column":12},"end":{"line":41,"column":64}},"14":{"start":{"line":4,"column":0},"end":{"line":4,"column":13}}},"fnMap":{"0":{"name":"(anonymous_0)","decl":{"start":{"line":6,"column":4},"end":{"line":6,"column":9}},"loc":{"start":{"line":6,"column":50},"end":{"line":20,"column":5}}},"1":{"name":"(anonymous_1)","decl":{"start":{"line":22,"column":4},"end":{"line":22,"column":9}},"loc":{"start":{"line":22,"column":47},"end":{"line":35,"column":5}}},"2":{"name":"(anonymous_2)","decl":{"start":{"line":37,"column":4},"end":{"line":37,"column":9}},"loc":{"start":{"line":37,"column":48},"end":{"line":45,"column":5}}}},"branchMap":{},"s":{"0":1,"1":1,"2":0,"3":0,"4":0,"5":0,"6":0,"7":0,"8":0,"9":0,"10":0,"11":0,"12":0,"13":0,"14":1},"f":{"0":0,"1":0,"2":0},"b":{}}
,"D:\\MATY Codes\\InotaVault\\src\\database\\models\\songs.model.ts": {"path":"D:\\MATY Codes\\InotaVault\\src\\database\\models\\songs.model.ts","statementMap":{"0":{"start":{"line":1,"column":0},"end":{"line":1,"column":71}},"1":{"start":{"line":26,"column":0},"end":{"line":26,"column":13}},"2":{"start":{"line":48,"column":29},"end":{"line":118,"column":1}},"3":{"start":{"line":49,"column":2},"end":{"line":117,"column":4}},"4":{"start":{"line":48,"column":13},"end":{"line":48,"column":29}}},"fnMap":{"0":{"name":"(anonymous_0)","decl":{"start":{"line":48,"column":29},"end":{"line":48,"column":30}},"loc":{"start":{"line":48,"column":54},"end":{"line":118,"column":1}}}},"branchMap":{},"s":{"0":2,"1":2,"2":2,"3":0,"4":2},"f":{"0":0},"b":{}}
,"D:\\MATY Codes\\InotaVault\\src\\database\\models\\user.model.ts": {"path":"D:\\MATY Codes\\InotaVault\\src\\database\\models\\user.model.ts","statementMap":{"0":{"start":{"line":1,"column":0},"end":{"line":1,"column":71}},"1":{"start":{"line":17,"column":0},"end":{"line":17,"column":13}},"2":{"start":{"line":29,"column":29},"end":{"line":80,"column":1}},"3":{"start":{"line":30,"column":4},"end":{"line":78,"column":6}},"4":{"start":{"line":29,"column":13},"end":{"line":29,"column":29}},"5":{"start":{"line":81,"column":0},"end":{"line":81,"column":20}}},"fnMap":{"0":{"name":"(anonymous_0)","decl":{"start":{"line":29,"column":29},"end":{"line":29,"column":30}},"loc":{"start":{"line":29,"column":54},"end":{"line":80,"column":1}}}},"branchMap":{},"s":{"0":1,"1":1,"2":1,"3":0,"4":1,"5":1},"f":{"0":0},"b":{}}
,"D:\\MATY Codes\\InotaVault\\src\\middlewares\\auth.middleware.ts": {"path":"D:\\MATY Codes\\InotaVault\\src\\middlewares\\auth.middleware.ts","statementMap":{"0":{"start":{"line":2,"column":0},"end":{"line":2,"column":46}},"1":{"start":{"line":8,"column":30},"end":{"line":25,"column":1}},"2":{"start":{"line":9,"column":24},"end":{"line":9,"column":49}},"3":{"start":{"line":11,"column":4},"end":{"line":13,"column":5}},"4":{"start":{"line":12,"column":8},"end":{"line":12,"column":65}},"5":{"start":{"line":15,"column":18},"end":{"line":15,"column":43}},"6":{"start":{"line":17,"column":4},"end":{"line":23,"column":5}},"7":{"start":{"line":18,"column":24},"end":{"line":18,"column":42}},"8":{"start":{"line":19,"column":8},"end":{"line":19,"column":27}},"9":{"start":{"line":20,"column":8},"end":{"line":20,"column":null}},"10":{"start":{"line":22,"column":8},"end":{"line":22,"column":66}},"11":{"start":{"line":8,"column":13},"end":{"line":8,"column":30}}},"fnMap":{"0":{"name":"(anonymous_0)","decl":{"start":{"line":8,"column":30},"end":{"line":8,"column":31}},"loc":{"start":{"line":8,"column":85},"end":{"line":25,"column":1}}}},"branchMap":{"0":{"loc":{"start":{"line":11,"column":4},"end":{"line":13,"column":5}},"type":"if","locations":[{"start":{"line":11,"column":4},"end":{"line":13,"column":5}},{"start":{},"end":{}}]},"1":{"loc":{"start":{"line":11,"column":7},"end":{"line":11,"column":57}},"type":"binary-expr","locations":[{"start":{"line":11,"column":7},"end":{"line":11,"column":19}},{"start":{"line":11,"column":23},"end":{"line":11,"column":57}}]}},"s":{"0":1,"1":1,"2":0,"3":0,"4":0,"5":0,"6":0,"7":0,"8":0,"9":0,"10":0,"11":1},"f":{"0":0},"b":{"0":[0,0],"1":[0,0]}}
,"D:\\MATY Codes\\InotaVault\\src\\middlewares\\upload.middleware.ts": {"path":"D:\\MATY Codes\\InotaVault\\src\\middlewares\\upload.middleware.ts","statementMap":{"0":{"start":{"line":1,"column":0},"end":{"line":1,"column":27}},"1":{"start":{"line":3,"column":16},"end":{"line":3,"column":38}},"2":{"start":{"line":5,"column":13},"end":{"line":8,"column":3}}},"fnMap":{},"branchMap":{},"s":{"0":1,"1":1,"2":1},"f":{},"b":{}}
,"D:\\MATY Codes\\InotaVault\\src\\routes\\songs.routes.ts": {"path":"D:\\MATY Codes\\InotaVault\\src\\routes\\songs.routes.ts","statementMap":{"0":{"start":{"line":1,"column":0},"end":{"line":1,"column":33}},"1":{"start":{"line":2,"column":0},"end":{"line":2,"column":86}},"2":{"start":{"line":3,"column":0},"end":{"line":3,"column":61}},"3":{"start":{"line":4,"column":0},"end":{"line":4,"column":67}},"4":{"start":{"line":5,"column":0},"end":{"line":5,"column":64}},"5":{"start":{"line":6,"column":0},"end":{"line":6,"column":73}},"6":{"start":{"line":7,"column":0},"end":{"line":7,"column":73}},"7":{"start":{"line":8,"column":20},"end":{"line":8,"column":28}},"8":{"start":{"line":10,"column":0},"end":{"line":19,"column":2}},"9":{"start":{"line":21,"column":0},"end":{"line":24,"column":null}},"10":{"start":{"line":26,"column":0},"end":{"line":30,"column":2}},"11":{"start":{"line":31,"column":0},"end":{"line":31,"column":null}},"12":{"start":{"line":33,"column":0},"end":{"line":33,"column":null}},"13":{"start":{"line":36,"column":0},"end":{"line":36,"column":27}}},"fnMap":{},"branchMap":{},"s":{"0":1,"1":1,"2":1,"3":1,"4":1,"5":1,"6":1,"7":1,"8":1,"9":1,"10":1,"11":1,"12":1,"13":1},"f":{},"b":{}}
,"D:\\MATY Codes\\InotaVault\\src\\routes\\user.routes.ts": {"path":"D:\\MATY Codes\\InotaVault\\src\\routes\\user.routes.ts","statementMap":{"0":{"start":{"line":1,"column":0},"end":{"line":1,"column":42}},"1":{"start":{"line":2,"column":0},"end":{"line":2,"column":66}},"2":{"start":{"line":3,"column":0},"end":{"line":3,"column":67}},"3":{"start":{"line":6,"column":23},"end":{"line":6,"column":43}},"4":{"start":{"line":8,"column":27},"end":{"line":8,"column":43}},"5":{"start":{"line":26,"column":9},"end":{"line":26,"column":19}},"6":{"start":{"line":10,"column":0},"end":{"line":10,"column":58}},"7":{"start":{"line":11,"column":0},"end":{"line":11,"column":52}},"8":{"start":{"line":17,"column":0},"end":{"line":22,"column":3}},"9":{"start":{"line":18,"column":2},"end":{"line":21,"column":5}},"10":{"start":{"line":24,"column":0},"end":{"line":24,"column":57}}},"fnMap":{"0":{"name":"(anonymous_1)","decl":{"start":{"line":17,"column":43},"end":{"line":17,"column":44}},"loc":{"start":{"line":17,"column":69},"end":{"line":22,"column":1}}}},"branchMap":{},"s":{"0":1,"1":1,"2":1,"3":1,"4":1,"5":1,"6":1,"7":1,"8":1,"9":0,"10":1},"f":{"0":0},"b":{}}
,"D:\\MATY Codes\\InotaVault\\src\\services\\song.servicees.ts": {"path":"D:\\MATY Codes\\InotaVault\\src\\services\\song.servicees.ts","statementMap":{"0":{"start":{"line":1,"column":0},"end":{"line":1,"column":57}},"1":{"start":{"line":5,"column":4},"end":{"line":8,"column":null}},"2":{"start":{"line":6,"column":21},"end":{"line":6,"column":48}},"3":{"start":{"line":7,"column":8},"end":{"line":7,"column":20}},"4":{"start":{"line":10,"column":4},"end":{"line":15,"column":null}},"5":{"start":{"line":12,"column":22},"end":{"line":12,"column":42}},"6":{"start":{"line":13,"column":8},"end":{"line":13,"column":21}},"7":{"start":{"line":17,"column":4},"end":{"line":30,"column":null}},"8":{"start":{"line":18,"column":21},"end":{"line":18,"column":44}},"9":{"start":{"line":21,"column":8},"end":{"line":26,"column":9}},"10":{"start":{"line":23,"column":30},"end":{"line":23,"column":53}},"11":{"start":{"line":24,"column":12},"end":{"line":24,"column":44}},"12":{"start":{"line":25,"column":12},"end":{"line":25,"column":30}},"13":{"start":{"line":27,"column":8},"end":{"line":27,"column":38}},"14":{"start":{"line":29,"column":8},"end":{"line":29,"column":20}},"15":{"start":{"line":32,"column":4},"end":{"line":39,"column":null}},"16":{"start":{"line":33,"column":21},"end":{"line":33,"column":44}},"17":{"start":{"line":34,"column":8},"end":{"line":36,"column":9}},"18":{"start":{"line":35,"column":12},"end":{"line":35,"column":24}},"19":{"start":{"line":37,"column":8},"end":{"line":37,"column":38}},"20":{"start":{"line":38,"column":8},"end":{"line":38,"column":20}},"21":{"start":{"line":41,"column":4},"end":{"line":48,"column":null}},"22":{"start":{"line":42,"column":21},"end":{"line":42,"column":44}},"23":{"start":{"line":43,"column":8},"end":{"line":45,"column":9}},"24":{"start":{"line":44,"column":12},"end":{"line":44,"column":25}},"25":{"start":{"line":46,"column":8},"end":{"line":46,"column":29}},"26":{"start":{"line":47,"column":8},"end":{"line":47,"column":20}},"27":{"start":{"line":3,"column":0},"end":{"line":3,"column":13}}},"fnMap":{"0":{"name":"(anonymous_0)","decl":{"start":{"line":3,"column":0},"end":{"line":3,"column":13}},"loc":{"start":{"line":3,"column":0},"end":{"line":50,"column":1}}},"1":{"name":"(anonymous_1)","decl":{"start":{"line":5,"column":17},"end":{"line":5,"column":22}},"loc":{"start":{"line":5,"column":58},"end":{"line":8,"column":5}}},"2":{"name":"(anonymous_2)","decl":{"start":{"line":10,"column":18},"end":{"line":10,"column":23}},"loc":{"start":{"line":10,"column":29},"end":{"line":15,"column":5}}},"3":{"name":"(anonymous_3)","decl":{"start":{"line":17,"column":18},"end":{"line":17,"column":23}},"loc":{"start":{"line":17,"column":39},"end":{"line":30,"column":5}}},"4":{"name":"(anonymous_4)","decl":{"start":{"line":32,"column":17},"end":{"line":32,"column":22}},"loc":{"start":{"line":32,"column":81},"end":{"line":39,"column":5}}},"5":{"name":"(anonymous_5)","decl":{"start":{"line":41,"column":17},"end":{"line":41,"column":22}},"loc":{"start":{"line":41,"column":38},"end":{"line":48,"column":5}}}},"branchMap":{"0":{"loc":{"start":{"line":21,"column":8},"end":{"line":26,"column":9}},"type":"if","locations":[{"start":{"line":21,"column":8},"end":{"line":26,"column":9}},{"start":{},"end":{}}]},"1":{"loc":{"start":{"line":34,"column":8},"end":{"line":36,"column":9}},"type":"if","locations":[{"start":{"line":34,"column":8},"end":{"line":36,"column":9}},{"start":{},"end":{}}]},"2":{"loc":{"start":{"line":43,"column":8},"end":{"line":45,"column":9}},"type":"if","locations":[{"start":{"line":43,"column":8},"end":{"line":45,"column":9}},{"start":{},"end":{}}]}},"s":{"0":2,"1":2,"2":0,"3":0,"4":2,"5":0,"6":0,"7":2,"8":0,"9":0,"10":0,"11":0,"12":0,"13":0,"14":0,"15":2,"16":0,"17":0,"18":0,"19":0,"20":0,"21":2,"22":0,"23":0,"24":0,"25":0,"26":0,"27":2},"f":{"0":2,"1":0,"2":0,"3":0,"4":0,"5":0},"b":{"0":[0,0],"1":[0,0],"2":[0,0]}}
,"D:\\MATY Codes\\InotaVault\\src\\services\\user.services.ts": {"path":"D:\\MATY Codes\\InotaVault\\src\\services\\user.services.ts","statementMap":{"0":{"start":{"line":1,"column":0},"end":{"line":1,"column":52}},"1":{"start":{"line":2,"column":0},"end":{"line":2,"column":70}},"2":{"start":{"line":3,"column":0},"end":{"line":3,"column":48}},"3":{"start":{"line":4,"column":0},"end":{"line":4,"column":50}},"4":{"start":{"line":19,"column":26},"end":{"line":37,"column":1}},"5":{"start":{"line":20,"column":27},"end":{"line":20,"column":60}},"6":{"start":{"line":21,"column":17},"end":{"line":25,"column":6}},"7":{"start":{"line":27,"column":19},"end":{"line":27,"column":55}},"8":{"start":{"line":28,"column":4},"end":{"line":28,"column":48}},"9":{"start":{"line":36,"column":4},"end":{"line":36,"column":64}},"10":{"start":{"line":19,"column":13},"end":{"line":19,"column":26}},"11":{"start":{"line":40,"column":25},"end":{"line":64,"column":1}},"12":{"start":{"line":41,"column":17},"end":{"line":45,"column":6}},"13":{"start":{"line":47,"column":4},"end":{"line":49,"column":5}},"14":{"start":{"line":48,"column":8},"end":{"line":48,"column":null}},"15":{"start":{"line":51,"column":20},"end":{"line":51,"column":71}},"16":{"start":{"line":53,"column":4},"end":{"line":55,"column":5}},"17":{"start":{"line":54,"column":8},"end":{"line":54,"column":null}},"18":{"start":{"line":57,"column":18},"end":{"line":61,"column":6}},"19":{"start":{"line":63,"column":4},"end":{"line":63,"column":27}},"20":{"start":{"line":40,"column":13},"end":{"line":40,"column":25}},"21":{"start":{"line":66,"column":26},"end":{"line":75,"column":1}},"22":{"start":{"line":67,"column":17},"end":{"line":67,"column":44}},"23":{"start":{"line":68,"column":4},"end":{"line":70,"column":5}},"24":{"start":{"line":69,"column":8},"end":{"line":69,"column":42}},"25":{"start":{"line":71,"column":4},"end":{"line":71,"column":25}},"26":{"start":{"line":72,"column":4},"end":{"line":72,"column":22}},"27":{"start":{"line":73,"column":4},"end":{"line":73,"column":53}},"28":{"start":{"line":74,"column":4},"end":{"line":74,"column":16}},"29":{"start":{"line":66,"column":13},"end":{"line":66,"column":26}}},"fnMap":{"0":{"name":"(anonymous_1)","decl":{"start":{"line":19,"column":26},"end":{"line":19,"column":31}},"loc":{"start":{"line":19,"column":58},"end":{"line":37,"column":1}}},"1":{"name":"(anonymous_2)","decl":{"start":{"line":40,"column":25},"end":{"line":40,"column":30}},"loc":{"start":{"line":40,"column":56},"end":{"line":64,"column":1}}},"2":{"name":"(anonymous_3)","decl":{"start":{"line":66,"column":26},"end":{"line":66,"column":31}},"loc":{"start":{"line":66,"column":51},"end":{"line":75,"column":1}}}},"branchMap":{"0":{"loc":{"start":{"line":47,"column":4},"end":{"line":49,"column":5}},"type":"if","locations":[{"start":{"line":47,"column":4},"end":{"line":49,"column":5}},{"start":{},"end":{}}]},"1":{"loc":{"start":{"line":53,"column":4},"end":{"line":55,"column":5}},"type":"if","locations":[{"start":{"line":53,"column":4},"end":{"line":55,"column":5}},{"start":{},"end":{}}]},"2":{"loc":{"start":{"line":68,"column":4},"end":{"line":70,"column":5}},"type":"if","locations":[{"start":{"line":68,"column":4},"end":{"line":70,"column":5}},{"start":{},"end":{}}]}},"s":{"0":1,"1":1,"2":1,"3":1,"4":1,"5":0,"6":0,"7":0,"8":0,"9":0,"10":1,"11":1,"12":0,"13":0,"14":0,"15":0,"16":0,"17":0,"18":0,"19":0,"20":1,"21":1,"22":0,"23":0,"24":0,"25":0,"26":0,"27":0,"28":0,"29":1},"f":{"0":0,"1":0,"2":0},"b":{"0":[0,0],"1":[0,0],"2":[0,0]}}
,"D:\\MATY Codes\\InotaVault\\src\\utils\\cloudinaryUpload.ts": {"path":"D:\\MATY Codes\\InotaVault\\src\\utils\\cloudinaryUpload.ts","statementMap":{"0":{"start":{"line":1,"column":0},"end":{"line":1,"column":49}},"1":{"start":{"line":3,"column":32},"end":{"line":13,"column":1}},"2":{"start":{"line":4,"column":4},"end":{"line":12,"column":null}},"3":{"start":{"line":5,"column":8},"end":{"line":11,"column":22}},"4":{"start":{"line":8,"column":16},"end":{"line":8,"column":47}},"5":{"start":{"line":8,"column":26},"end":{"line":8,"column":47}},"6":{"start":{"line":9,"column":16},"end":{"line":9,"column":null}},"7":{"start":{"line":3,"column":13},"end":{"line":3,"column":32}}},"fnMap":{"0":{"name":"(anonymous_1)","decl":{"start":{"line":3,"column":32},"end":{"line":3,"column":33}},"loc":{"start":{"line":3,"column":127},"end":{"line":13,"column":1}}},"1":{"name":"(anonymous_2)","decl":{"start":{"line":4,"column":23},"end":{"line":4,"column":24}},"loc":{"start":{"line":4,"column":42},"end":{"line":12,"column":5}}},"2":{"name":"(anonymous_3)","decl":{"start":{"line":7,"column":12},"end":{"line":7,"column":13}},"loc":{"start":{"line":7,"column":30},"end":{"line":10,"column":13}}}},"branchMap":{"0":{"loc":{"start":{"line":8,"column":16},"end":{"line":8,"column":47}},"type":"if","locations":[{"start":{"line":8,"column":16},"end":{"line":8,"column":47}},{"start":{},"end":{}}]}},"s":{"0":1,"1":1,"2":0,"3":0,"4":0,"5":0,"6":0,"7":1},"f":{"0":0,"1":0,"2":0},"b":{"0":[0,0]}}
,"D:\\MATY Codes\\InotaVault\\src\\utils\\html.message.ts": {"path":"D:\\MATY Codes\\InotaVault\\src\\utils\\html.message.ts","statementMap":{"0":{"start":{"line":1,"column":27},"end":{"line":96,"column":1}},"1":{"start":{"line":2,"column":4},"end":{"line":2,"column":null}},"2":{"start":{"line":3,"column":4},"end":{"line":95,"column":6}},"3":{"start":{"line":1,"column":13},"end":{"line":1,"column":27}}},"fnMap":{"0":{"name":"(anonymous_0)","decl":{"start":{"line":1,"column":27},"end":{"line":1,"column":28}},"loc":{"start":{"line":1,"column":52},"end":{"line":96,"column":1}}}},"branchMap":{},"s":{"0":1,"1":0,"2":0,"3":1},"f":{"0":0},"b":{}}
,"D:\\MATY Codes\\InotaVault\\src\\utils\\jwt.ts": {"path":"D:\\MATY Codes\\InotaVault\\src\\utils\\jwt.ts","statementMap":{"0":{"start":{"line":1,"column":0},"end":{"line":1,"column":31}},"1":{"start":{"line":3,"column":19},"end":{"line":3,"column":54}},"2":{"start":{"line":4,"column":23},"end":{"line":4,"column":60}},"3":{"start":{"line":6,"column":29},"end":{"line":10,"column":1}},"4":{"start":{"line":7,"column":2},"end":{"line":9,"column":5}},"5":{"start":{"line":6,"column":13},"end":{"line":6,"column":29}},"6":{"start":{"line":12,"column":27},"end":{"line":14,"column":1}},"7":{"start":{"line":13,"column":2},"end":{"line":13,"column":39}},"8":{"start":{"line":12,"column":13},"end":{"line":12,"column":27}}},"fnMap":{"0":{"name":"(anonymous_1)","decl":{"start":{"line":6,"column":29},"end":{"line":6,"column":30}},"loc":{"start":{"line":6,"column":49},"end":{"line":10,"column":1}}},"1":{"name":"(anonymous_2)","decl":{"start":{"line":12,"column":27},"end":{"line":12,"column":28}},"loc":{"start":{"line":12,"column":45},"end":{"line":14,"column":1}}}},"branchMap":{"0":{"loc":{"start":{"line":4,"column":23},"end":{"line":4,"column":60}},"type":"binary-expr","locations":[{"start":{"line":4,"column":23},"end":{"line":4,"column":52}},{"start":{"line":4,"column":56},"end":{"line":4,"column":60}}]}},"s":{"0":1,"1":1,"2":1,"3":1,"4":0,"5":1,"6":1,"7":0,"8":1},"f":{"0":0,"1":0},"b":{"0":[1,0]}}
,"D:\\MATY Codes\\InotaVault\\src\\utils\\password.ts": {"path":"D:\\MATY Codes\\InotaVault\\src\\utils\\password.ts","statementMap":{"0":{"start":{"line":1,"column":0},"end":{"line":1,"column":28}},"1":{"start":{"line":3,"column":28},"end":{"line":5,"column":1}},"2":{"start":{"line":4,"column":2},"end":{"line":4,"column":41}},"3":{"start":{"line":3,"column":13},"end":{"line":3,"column":28}},"4":{"start":{"line":7,"column":31},"end":{"line":12,"column":1}},"5":{"start":{"line":11,"column":2},"end":{"line":11,"column":56}},"6":{"start":{"line":7,"column":13},"end":{"line":7,"column":31}}},"fnMap":{"0":{"name":"(anonymous_1)","decl":{"start":{"line":3,"column":28},"end":{"line":3,"column":33}},"loc":{"start":{"line":3,"column":55},"end":{"line":5,"column":1}}},"1":{"name":"(anonymous_2)","decl":{"start":{"line":7,"column":31},"end":{"line":7,"column":36}},"loc":{"start":{"line":10,"column":4},"end":{"line":12,"column":1}}}},"branchMap":{},"s":{"0":1,"1":1,"2":0,"3":1,"4":1,"5":0,"6":1},"f":{"0":0,"1":0},"b":{}}
,"D:\\MATY Codes\\InotaVault\\src\\utils\\sendEmail.ts": {"path":"D:\\MATY Codes\\InotaVault\\src\\utils\\sendEmail.ts","statementMap":{"0":{"start":{"line":1,"column":0},"end":{"line":1,"column":36}},"1":{"start":{"line":2,"column":0},"end":{"line":2,"column":28}},"2":{"start":{"line":3,"column":0},"end":{"line":3,"column":48}},"3":{"start":{"line":5,"column":0},"end":{"line":5,"column":16}},"4":{"start":{"line":7,"column":18},"end":{"line":15,"column":2}},"5":{"start":{"line":16,"column":19},"end":{"line":16,"column":68}},"6":{"start":{"line":17,"column":25},"end":{"line":31,"column":1}},"7":{"start":{"line":18,"column":24},"end":{"line":23,"column":null}},"8":{"start":{"line":25,"column":4},"end":{"line":30,"column":5}},"9":{"start":{"line":26,"column":21},"end":{"line":26,"column":58}},"10":{"start":{"line":27,"column":8},"end":{"line":27,"column":50}},"11":{"start":{"line":29,"column":8},"end":{"line":29,"column":53}},"12":{"start":{"line":17,"column":13},"end":{"line":17,"column":25}}},"fnMap":{"0":{"name":"(anonymous_1)","decl":{"start":{"line":17,"column":25},"end":{"line":17,"column":30}},"loc":{"start":{"line":17,"column":68},"end":{"line":31,"column":1}}}},"branchMap":{},"s":{"0":1,"1":1,"2":1,"3":1,"4":1,"5":1,"6":1,"7":0,"8":0,"9":0,"10":0,"11":0,"12":1},"f":{"0":0},"b":{}}
}
